<?xml version="1.0" encoding="UTF-8"?>
<coverage generated="1598397472305" clover="3.2.0">
  <project timestamp="1598397472305" name="All files">
    <metrics statements="53" coveredstatements="53" conditionals="13" coveredconditionals="13" methods="16" coveredmethods="16" elements="82" coveredelements="82" complexity="0" loc="53" ncloc="53" packages="1" files="5" classes="5"/>
    <file name="arrayAnalysis.js" path="/home/odong/Projects/microverse/Javascript/testing/testing-practice/arrayAnalysis.js">
      <metrics statements="8" coveredstatements="8" conditionals="0" coveredconditionals="0" methods="2" coveredmethods="2"/>
      <line num="1" count="1" type="stmt"/>
      <line num="2" count="12" type="stmt"/>
      <line num="3" count="2" type="stmt"/>
      <line num="4" count="2" type="stmt"/>
      <line num="6" count="2" type="stmt"/>
      <line num="7" count="2" type="stmt"/>
      <line num="9" count="2" type="stmt"/>
      <line num="15" count="1" type="stmt"/>
    </file>
    <file name="caesarCipher.js" path="/home/odong/Projects/microverse/Javascript/testing/testing-practice/caesarCipher.js">
      <metrics statements="31" coveredstatements="31" conditionals="13" coveredconditionals="13" methods="7" coveredmethods="7"/>
      <line num="1" count="1" type="stmt"/>
      <line num="3" count="1" type="stmt"/>
      <line num="4" count="7" type="stmt"/>
      <line num="6" count="3" type="stmt"/>
      <line num="9" count="1" type="stmt"/>
      <line num="10" count="3" type="stmt"/>
      <line num="12" count="3" type="stmt"/>
      <line num="13" count="83" type="stmt"/>
      <line num="16" count="3" type="stmt"/>
      <line num="20" count="1" type="stmt"/>
      <line num="21" count="3" type="stmt"/>
      <line num="23" count="3" type="stmt"/>
      <line num="24" count="83" type="cond" truecount="4" falsecount="0"/>
      <line num="25" count="60" type="stmt"/>
      <line num="26" count="60" type="cond" truecount="4" falsecount="0"/>
      <line num="27" count="50" type="stmt"/>
      <line num="29" count="10" type="stmt"/>
      <line num="32" count="23" type="stmt"/>
      <line num="36" count="3" type="stmt"/>
      <line num="39" count="1" type="stmt"/>
      <line num="40" count="3" type="stmt"/>
      <line num="41" count="3" type="stmt"/>
      <line num="43" count="3" type="stmt"/>
      <line num="44" count="3" type="stmt"/>
      <line num="45" count="83" type="cond" truecount="5" falsecount="0"/>
      <line num="48" count="7" type="stmt"/>
      <line num="52" count="3" type="stmt"/>
      <line num="53" count="83" type="stmt"/>
      <line num="56" count="3" type="stmt"/>
      <line num="59" count="1" type="stmt"/>
      <line num="62" count="1" type="stmt"/>
    </file>
    <file name="calculator.js" path="/home/odong/Projects/microverse/Javascript/testing/testing-practice/calculator.js">
      <metrics statements="8" coveredstatements="8" conditionals="0" coveredconditionals="0" methods="5" coveredmethods="5"/>
      <line num="1" count="1" type="stmt"/>
      <line num="2" count="2" type="stmt"/>
      <line num="4" count="2" type="stmt"/>
      <line num="6" count="2" type="stmt"/>
      <line num="8" count="2" type="stmt"/>
      <line num="10" count="2" type="stmt"/>
      <line num="15" count="1" type="stmt"/>
      <line num="17" count="1" type="stmt"/>
    </file>
    <file name="capitalize.js" path="/home/odong/Projects/microverse/Javascript/testing/testing-practice/capitalize.js">
      <metrics statements="3" coveredstatements="3" conditionals="0" coveredconditionals="0" methods="1" coveredmethods="1"/>
      <line num="1" count="3" type="stmt"/>
      <line num="3" count="1" type="stmt"/>
      <line num="5" count="1" type="stmt"/>
    </file>
    <file name="reverse_string.js" path="/home/odong/Projects/microverse/Javascript/testing/testing-practice/reverse_string.js">
      <metrics statements="3" coveredstatements="3" conditionals="0" coveredconditionals="0" methods="1" coveredmethods="1"/>
      <line num="1" count="2" type="stmt"/>
      <line num="3" count="1" type="stmt"/>
      <line num="5" count="1" type="stmt"/>
    </file>
  </project>
</coverage>
