<?xml version="1.0" encoding="UTF-8"?>
<coverage generated="1598399560709" clover="3.2.0">
  <project timestamp="1598399560735" name="All files">
    <metrics statements="53" coveredstatements="53" conditionals="13" coveredconditionals="13" methods="16" coveredmethods="16" elements="82" coveredelements="82" complexity="0" loc="53" ncloc="53" packages="1" files="5" classes="5"/>
    <file name="arrayAnalysis.js" path="/home/odong/Projects/microverse/Javascript/testing/testing-practice/arrayAnalysis.js">
      <metrics statements="8" coveredstatements="8" conditionals="0" coveredconditionals="0" methods="2" coveredmethods="2"/>
      <line num="1" count="1" type="stmt"/>
      <line num="2" count="12" type="stmt"/>
      <line num="3" count="2" type="stmt"/>
      <line num="4" count="2" type="stmt"/>
      <line num="6" count="2" type="stmt"/>
      <line num="7" count="2" type="stmt"/>
      <line num="9" count="2" type="stmt"/>
      <line num="15" count="1" type="stmt"/>
    </file>
    <file name="caesarCipher.js" path="/home/odong/Projects/microverse/Javascript/testing/testing-practice/caesarCipher.js">
      <metrics statements="31" coveredstatements="31" conditionals="13" coveredconditionals="13" methods="7" coveredmethods="7"/>
      <line num="1" count="1" type="stmt"/>
      <line num="2" count="1" type="stmt"/>
      <line num="3" count="11" type="stmt"/>
      <line num="5" count="5" type="stmt"/>
      <line num="8" count="1" type="stmt"/>
      <line num="9" count="5" type="stmt"/>
      <line num="11" count="5" type="stmt"/>
      <line num="12" count="144" type="stmt"/>
      <line num="15" count="5" type="stmt"/>
      <line num="19" count="1" type="stmt"/>
      <line num="20" count="5" type="stmt"/>
      <line num="22" count="5" type="stmt"/>
      <line num="23" count="144" type="cond" truecount="4" falsecount="0"/>
      <line num="24" count="111" type="stmt"/>
      <line num="25" count="111" type="cond" truecount="4" falsecount="0"/>
      <line num="26" count="90" type="stmt"/>
      <line num="28" count="21" type="stmt"/>
      <line num="31" count="33" type="stmt"/>
      <line num="35" count="5" type="stmt"/>
      <line num="38" count="1" type="stmt"/>
      <line num="39" count="5" type="stmt"/>
      <line num="40" count="5" type="stmt"/>
      <line num="42" count="5" type="stmt"/>
      <line num="43" count="5" type="stmt"/>
      <line num="44" count="144" type="cond" truecount="5" falsecount="0"/>
      <line num="47" count="11" type="stmt"/>
      <line num="51" count="5" type="stmt"/>
      <line num="52" count="144" type="stmt"/>
      <line num="55" count="5" type="stmt"/>
      <line num="58" count="1" type="stmt"/>
      <line num="61" count="1" type="stmt"/>
    </file>
    <file name="calculator.js" path="/home/odong/Projects/microverse/Javascript/testing/testing-practice/calculator.js">
      <metrics statements="8" coveredstatements="8" conditionals="0" coveredconditionals="0" methods="5" coveredmethods="5"/>
      <line num="1" count="1" type="stmt"/>
      <line num="2" count="2" type="stmt"/>
      <line num="4" count="2" type="stmt"/>
      <line num="6" count="2" type="stmt"/>
      <line num="8" count="2" type="stmt"/>
      <line num="10" count="2" type="stmt"/>
      <line num="15" count="1" type="stmt"/>
      <line num="17" count="1" type="stmt"/>
    </file>
    <file name="capitalize.js" path="/home/odong/Projects/microverse/Javascript/testing/testing-practice/capitalize.js">
      <metrics statements="3" coveredstatements="3" conditionals="0" coveredconditionals="0" methods="1" coveredmethods="1"/>
      <line num="1" count="3" type="stmt"/>
      <line num="3" count="1" type="stmt"/>
      <line num="5" count="1" type="stmt"/>
    </file>
    <file name="reverse_string.js" path="/home/odong/Projects/microverse/Javascript/testing/testing-practice/reverse_string.js">
      <metrics statements="3" coveredstatements="3" conditionals="0" coveredconditionals="0" methods="1" coveredmethods="1"/>
      <line num="1" count="2" type="stmt"/>
      <line num="3" count="1" type="stmt"/>
      <line num="5" count="1" type="stmt"/>
    </file>
  </project>
</coverage>
