{"/Users/rahmahalane/Desktop/the-odin-project/Javascript/testing-practice/arrayAnalysis.js": {"path":"/Users/rahmahalane/Desktop/the-odin-project/Javascript/testing-practice/arrayAnalysis.js","statementMap":{"0":{"start":{"line":1,"column":22},"end":{"line":12,"column":1}},"1":{"start":{"line":2,"column":14},"end":{"line":2,"column":52}},"2":{"start":{"line":2,"column":39},"end":{"line":2,"column":48}},"3":{"start":{"line":3,"column":21},"end":{"line":3,"column":24}},"4":{"start":{"line":4,"column":18},"end":{"line":4,"column":30}},"5":{"start":{"line":6,"column":14},"end":{"line":6,"column":30}},"6":{"start":{"line":7,"column":14},"end":{"line":7,"column":30}},"7":{"start":{"line":9,"column":2},"end":{"line":11,"column":4}},"8":{"start":{"line":15,"column":0},"end":{"line":15,"column":31}}},"fnMap":{"0":{"name":"(anonymous_0)","decl":{"start":{"line":1,"column":22},"end":{"line":1,"column":23}},"loc":{"start":{"line":1,"column":31},"end":{"line":12,"column":1}},"line":1},"1":{"name":"(anonymous_1)","decl":{"start":{"line":2,"column":25},"end":{"line":2,"column":26}},"loc":{"start":{"line":2,"column":39},"end":{"line":2,"column":48}},"line":2}},"branchMap":{},"s":{"0":1,"1":2,"2":12,"3":2,"4":2,"5":2,"6":2,"7":2,"8":1},"f":{"0":2,"1":12},"b":{},"_coverageSchema":"1a1c01bbd47fc00a2c39e90264f33305004495a9","hash":"9aebcf875794eba4e77c1c8ca77021a9d8f3c9ca"}
,"/Users/rahmahalane/Desktop/the-odin-project/Javascript/testing-practice/caesarCipher.js": {"path":"/Users/rahmahalane/Desktop/the-odin-project/Javascript/testing-practice/caesarCipher.js","statementMap":{"0":{"start":{"line":1,"column":21},"end":{"line":60,"column":1}},"1":{"start":{"line":2,"column":22},"end":{"line":2,"column":24}},"2":{"start":{"line":4,"column":23},"end":{"line":8,"column":3}},"3":{"start":{"line":5,"column":4},"end":{"line":5,"column":77}},"4":{"start":{"line":5,"column":27},"end":{"line":5,"column":75}},"5":{"start":{"line":7,"column":4},"end":{"line":7,"column":29}},"6":{"start":{"line":10,"column":24},"end":{"line":18,"column":3}},"7":{"start":{"line":11,"column":19},"end":{"line":11,"column":21}},"8":{"start":{"line":13,"column":4},"end":{"line":15,"column":5}},"9":{"start":{"line":13,"column":17},"end":{"line":13,"column":18}},"10":{"start":{"line":14,"column":6},"end":{"line":14,"column":56}},"11":{"start":{"line":17,"column":4},"end":{"line":17,"column":32}},"12":{"start":{"line":21,"column":17},"end":{"line":38,"column":3}},"13":{"start":{"line":22,"column":25},"end":{"line":22,"column":27}},"14":{"start":{"line":24,"column":4},"end":{"line":35,"column":7}},"15":{"start":{"line":25,"column":6},"end":{"line":34,"column":7}},"16":{"start":{"line":26,"column":24},"end":{"line":26,"column":37}},"17":{"start":{"line":27,"column":8},"end":{"line":31,"column":9}},"18":{"start":{"line":28,"column":10},"end":{"line":28,"column":37}},"19":{"start":{"line":30,"column":10},"end":{"line":30,"column":42}},"20":{"start":{"line":33,"column":8},"end":{"line":33,"column":35}},"21":{"start":{"line":37,"column":4},"end":{"line":37,"column":39}},"22":{"start":{"line":40,"column":31},"end":{"line":57,"column":3}},"23":{"start":{"line":41,"column":25},"end":{"line":41,"column":38}},"24":{"start":{"line":43,"column":22},"end":{"line":43,"column":24}},"25":{"start":{"line":44,"column":4},"end":{"line":50,"column":5}},"26":{"start":{"line":44,"column":17},"end":{"line":44,"column":18}},"27":{"start":{"line":45,"column":6},"end":{"line":49,"column":7}},"28":{"start":{"line":48,"column":8},"end":{"line":48,"column":28}},"29":{"start":{"line":52,"column":4},"end":{"line":54,"column":5}},"30":{"start":{"line":52,"column":17},"end":{"line":52,"column":18}},"31":{"start":{"line":53,"column":6},"end":{"line":53,"column":54}},"32":{"start":{"line":56,"column":4},"end":{"line":56,"column":34}},"33":{"start":{"line":59,"column":2},"end":{"line":59,"column":34}},"34":{"start":{"line":62,"column":0},"end":{"line":62,"column":30}}},"fnMap":{"0":{"name":"(anonymous_0)","decl":{"start":{"line":1,"column":21},"end":{"line":1,"column":22}},"loc":{"start":{"line":1,"column":27},"end":{"line":60,"column":1}},"line":1},"1":{"name":"(anonymous_1)","decl":{"start":{"line":4,"column":23},"end":{"line":4,"column":24}},"loc":{"start":{"line":4,"column":35},"end":{"line":8,"column":3}},"line":4},"2":{"name":"(anonymous_2)","decl":{"start":{"line":5,"column":20},"end":{"line":5,"column":21}},"loc":{"start":{"line":5,"column":27},"end":{"line":5,"column":75}},"line":5},"3":{"name":"(anonymous_3)","decl":{"start":{"line":10,"column":24},"end":{"line":10,"column":25}},"loc":{"start":{"line":10,"column":42},"end":{"line":18,"column":3}},"line":10},"4":{"name":"(anonymous_4)","decl":{"start":{"line":21,"column":17},"end":{"line":21,"column":18}},"loc":{"start":{"line":21,"column":37},"end":{"line":38,"column":3}},"line":21},"5":{"name":"(anonymous_5)","decl":{"start":{"line":24,"column":22},"end":{"line":24,"column":23}},"loc":{"start":{"line":24,"column":33},"end":{"line":35,"column":5}},"line":24},"6":{"name":"(anonymous_6)","decl":{"start":{"line":40,"column":31},"end":{"line":40,"column":32}},"loc":{"start":{"line":40,"column":45},"end":{"line":57,"column":3}},"line":40}},"branchMap":{"0":{"loc":{"start":{"line":25,"column":6},"end":{"line":34,"column":7}},"type":"if","locations":[{"start":{"line":25,"column":6},"end":{"line":34,"column":7}},{"start":{"line":25,"column":6},"end":{"line":34,"column":7}}],"line":25},"1":{"loc":{"start":{"line":25,"column":10},"end":{"line":25,"column":41}},"type":"binary-expr","locations":[{"start":{"line":25,"column":10},"end":{"line":25,"column":23}},{"start":{"line":25,"column":27},"end":{"line":25,"column":41}}],"line":25},"2":{"loc":{"start":{"line":27,"column":8},"end":{"line":31,"column":9}},"type":"if","locations":[{"start":{"line":27,"column":8},"end":{"line":31,"column":9}},{"start":{"line":27,"column":8},"end":{"line":31,"column":9}}],"line":27},"3":{"loc":{"start":{"line":27,"column":12},"end":{"line":27,"column":43}},"type":"binary-expr","locations":[{"start":{"line":27,"column":12},"end":{"line":27,"column":25}},{"start":{"line":27,"column":29},"end":{"line":27,"column":43}}],"line":27},"4":{"loc":{"start":{"line":45,"column":6},"end":{"line":49,"column":7}},"type":"if","locations":[{"start":{"line":45,"column":6},"end":{"line":49,"column":7}},{"start":{"line":45,"column":6},"end":{"line":49,"column":7}}],"line":45},"5":{"loc":{"start":{"line":45,"column":10},"end":{"line":47,"column":33}},"type":"binary-expr","locations":[{"start":{"line":45,"column":10},"end":{"line":45,"column":59}},{"start":{"line":46,"column":9},"end":{"line":46,"column":32}},{"start":{"line":47,"column":10},"end":{"line":47,"column":33}}],"line":45}},"s":{"0":1,"1":1,"2":1,"3":2,"4":6,"5":2,"6":1,"7":2,"8":2,"9":2,"10":39,"11":2,"12":1,"13":2,"14":2,"15":39,"16":21,"17":21,"18":20,"19":1,"20":18,"21":2,"22":1,"23":2,"24":2,"25":2,"26":2,"27":39,"28":4,"29":2,"30":2,"31":39,"32":2,"33":1,"34":1},"f":{"0":1,"1":2,"2":6,"3":2,"4":2,"5":39,"6":2},"b":{"0":[21,18],"1":[39,25],"2":[20,1],"3":[21,21],"4":[4,35],"5":[39,22,12]},"_coverageSchema":"1a1c01bbd47fc00a2c39e90264f33305004495a9","hash":"b392c96532e6286c6c99eef4aa8156388cdddc49"}
,"/Users/rahmahalane/Desktop/the-odin-project/Javascript/testing-practice/calculator.js": {"path":"/Users/rahmahalane/Desktop/the-odin-project/Javascript/testing-practice/calculator.js","statementMap":{"0":{"start":{"line":1,"column":19},"end":{"line":13,"column":1}},"1":{"start":{"line":2,"column":19},"end":{"line":2,"column":34}},"2":{"start":{"line":2,"column":29},"end":{"line":2,"column":34}},"3":{"start":{"line":4,"column":22},"end":{"line":4,"column":37}},"4":{"start":{"line":4,"column":32},"end":{"line":4,"column":37}},"5":{"start":{"line":6,"column":25},"end":{"line":6,"column":40}},"6":{"start":{"line":6,"column":35},"end":{"line":6,"column":40}},"7":{"start":{"line":8,"column":19},"end":{"line":8,"column":34}},"8":{"start":{"line":8,"column":29},"end":{"line":8,"column":34}},"9":{"start":{"line":10,"column":2},"end":{"line":12,"column":4}},"10":{"start":{"line":15,"column":0},"end":{"line":15,"column":17}},"11":{"start":{"line":17,"column":0},"end":{"line":17,"column":28}}},"fnMap":{"0":{"name":"(anonymous_0)","decl":{"start":{"line":1,"column":19},"end":{"line":1,"column":20}},"loc":{"start":{"line":1,"column":25},"end":{"line":13,"column":1}},"line":1},"1":{"name":"(anonymous_1)","decl":{"start":{"line":2,"column":19},"end":{"line":2,"column":20}},"loc":{"start":{"line":2,"column":29},"end":{"line":2,"column":34}},"line":2},"2":{"name":"(anonymous_2)","decl":{"start":{"line":4,"column":22},"end":{"line":4,"column":23}},"loc":{"start":{"line":4,"column":32},"end":{"line":4,"column":37}},"line":4},"3":{"name":"(anonymous_3)","decl":{"start":{"line":6,"column":25},"end":{"line":6,"column":26}},"loc":{"start":{"line":6,"column":35},"end":{"line":6,"column":40}},"line":6},"4":{"name":"(anonymous_4)","decl":{"start":{"line":8,"column":19},"end":{"line":8,"column":20}},"loc":{"start":{"line":8,"column":29},"end":{"line":8,"column":34}},"line":8}},"branchMap":{},"s":{"0":1,"1":2,"2":2,"3":2,"4":2,"5":2,"6":2,"7":2,"8":2,"9":2,"10":1,"11":1},"f":{"0":2,"1":2,"2":2,"3":2,"4":2},"b":{},"_coverageSchema":"1a1c01bbd47fc00a2c39e90264f33305004495a9","hash":"beaa6a07c1f9203c9d8770a2f81249d6a73415a7"}
,"/Users/rahmahalane/Desktop/the-odin-project/Javascript/testing-practice/capitalize.js": {"path":"/Users/rahmahalane/Desktop/the-odin-project/Javascript/testing-practice/capitalize.js","statementMap":{"0":{"start":{"line":1,"column":19},"end":{"line":1,"column":66}},"1":{"start":{"line":1,"column":27},"end":{"line":1,"column":65}},"2":{"start":{"line":3,"column":0},"end":{"line":3,"column":19}},"3":{"start":{"line":5,"column":0},"end":{"line":5,"column":28}}},"fnMap":{"0":{"name":"(anonymous_0)","decl":{"start":{"line":1,"column":19},"end":{"line":1,"column":20}},"loc":{"start":{"line":1,"column":27},"end":{"line":1,"column":65}},"line":1}},"branchMap":{},"s":{"0":1,"1":3,"2":1,"3":1},"f":{"0":3},"b":{},"_coverageSchema":"1a1c01bbd47fc00a2c39e90264f33305004495a9","hash":"72608b157cb9ea730879672293950f1d4890501a"}
,"/Users/rahmahalane/Desktop/the-odin-project/Javascript/testing-practice/reverse_string.js": {"path":"/Users/rahmahalane/Desktop/the-odin-project/Javascript/testing-practice/reverse_string.js","statementMap":{"0":{"start":{"line":1,"column":22},"end":{"line":1,"column":61}},"1":{"start":{"line":1,"column":30},"end":{"line":1,"column":60}},"2":{"start":{"line":3,"column":0},"end":{"line":3,"column":22}},"3":{"start":{"line":5,"column":0},"end":{"line":5,"column":31}}},"fnMap":{"0":{"name":"(anonymous_0)","decl":{"start":{"line":1,"column":22},"end":{"line":1,"column":23}},"loc":{"start":{"line":1,"column":30},"end":{"line":1,"column":60}},"line":1}},"branchMap":{},"s":{"0":1,"1":2,"2":1,"3":1},"f":{"0":2},"b":{},"_coverageSchema":"1a1c01bbd47fc00a2c39e90264f33305004495a9","hash":"1ffd110705ba66c0a8b2c8728ee8da3a96fafe0c"}
}
