{"/home/odong/Projects/microverse/Javascript/testing/testing-practice/arrayAnalysis.js": {"path":"/home/odong/Projects/microverse/Javascript/testing/testing-practice/arrayAnalysis.js","statementMap":{"0":{"start":{"line":1,"column":22},"end":{"line":12,"column":1}},"1":{"start":{"line":2,"column":14},"end":{"line":2,"column":52}},"2":{"start":{"line":2,"column":39},"end":{"line":2,"column":48}},"3":{"start":{"line":3,"column":21},"end":{"line":3,"column":24}},"4":{"start":{"line":4,"column":18},"end":{"line":4,"column":30}},"5":{"start":{"line":6,"column":14},"end":{"line":6,"column":30}},"6":{"start":{"line":7,"column":14},"end":{"line":7,"column":30}},"7":{"start":{"line":9,"column":2},"end":{"line":11,"column":4}},"8":{"start":{"line":15,"column":0},"end":{"line":15,"column":31}}},"fnMap":{"0":{"name":"(anonymous_0)","decl":{"start":{"line":1,"column":22},"end":{"line":1,"column":23}},"loc":{"start":{"line":1,"column":31},"end":{"line":12,"column":1}},"line":1},"1":{"name":"(anonymous_1)","decl":{"start":{"line":2,"column":25},"end":{"line":2,"column":26}},"loc":{"start":{"line":2,"column":39},"end":{"line":2,"column":48}},"line":2}},"branchMap":{},"s":{"0":1,"1":2,"2":12,"3":2,"4":2,"5":2,"6":2,"7":2,"8":1},"f":{"0":2,"1":12},"b":{},"_coverageSchema":"1a1c01bbd47fc00a2c39e90264f33305004495a9","hash":"54e67739d5e0b23e198110abfb8e76c0cf606ec9"}
,"/home/odong/Projects/microverse/Javascript/testing/testing-practice/caesarCipher.js": {"path":"/home/odong/Projects/microverse/Javascript/testing/testing-practice/caesarCipher.js","statementMap":{"0":{"start":{"line":1,"column":21},"end":{"line":60,"column":1}},"1":{"start":{"line":3,"column":23},"end":{"line":7,"column":3}},"2":{"start":{"line":4,"column":4},"end":{"line":4,"column":77}},"3":{"start":{"line":4,"column":27},"end":{"line":4,"column":75}},"4":{"start":{"line":6,"column":3},"end":{"line":6,"column":28}},"5":{"start":{"line":9,"column":24},"end":{"line":17,"column":3}},"6":{"start":{"line":10,"column":19},"end":{"line":10,"column":21}},"7":{"start":{"line":12,"column":4},"end":{"line":14,"column":5}},"8":{"start":{"line":12,"column":17},"end":{"line":12,"column":18}},"9":{"start":{"line":13,"column":6},"end":{"line":13,"column":56}},"10":{"start":{"line":16,"column":4},"end":{"line":16,"column":45}},"11":{"start":{"line":20,"column":17},"end":{"line":37,"column":3}},"12":{"start":{"line":21,"column":25},"end":{"line":21,"column":27}},"13":{"start":{"line":23,"column":4},"end":{"line":34,"column":7}},"14":{"start":{"line":24,"column":6},"end":{"line":33,"column":7}},"15":{"start":{"line":25,"column":24},"end":{"line":25,"column":37}},"16":{"start":{"line":26,"column":8},"end":{"line":30,"column":9}},"17":{"start":{"line":27,"column":10},"end":{"line":27,"column":37}},"18":{"start":{"line":29,"column":10},"end":{"line":29,"column":42}},"19":{"start":{"line":32,"column":8},"end":{"line":32,"column":35}},"20":{"start":{"line":36,"column":4},"end":{"line":36,"column":52}},"21":{"start":{"line":39,"column":31},"end":{"line":57,"column":3}},"22":{"start":{"line":40,"column":25},"end":{"line":40,"column":38}},"23":{"start":{"line":41,"column":24},"end":{"line":41,"column":26}},"24":{"start":{"line":43,"column":22},"end":{"line":43,"column":24}},"25":{"start":{"line":44,"column":4},"end":{"line":50,"column":5}},"26":{"start":{"line":44,"column":17},"end":{"line":44,"column":18}},"27":{"start":{"line":45,"column":6},"end":{"line":49,"column":7}},"28":{"start":{"line":48,"column":8},"end":{"line":48,"column":28}},"29":{"start":{"line":52,"column":4},"end":{"line":54,"column":5}},"30":{"start":{"line":52,"column":17},"end":{"line":52,"column":18}},"31":{"start":{"line":53,"column":6},"end":{"line":53,"column":54}},"32":{"start":{"line":56,"column":4},"end":{"line":56,"column":47}},"33":{"start":{"line":59,"column":2},"end":{"line":59,"column":34}},"34":{"start":{"line":62,"column":0},"end":{"line":62,"column":30}}},"fnMap":{"0":{"name":"(anonymous_0)","decl":{"start":{"line":1,"column":21},"end":{"line":1,"column":22}},"loc":{"start":{"line":1,"column":27},"end":{"line":60,"column":1}},"line":1},"1":{"name":"(anonymous_1)","decl":{"start":{"line":3,"column":23},"end":{"line":3,"column":24}},"loc":{"start":{"line":3,"column":48},"end":{"line":7,"column":3}},"line":3},"2":{"name":"(anonymous_2)","decl":{"start":{"line":4,"column":20},"end":{"line":4,"column":21}},"loc":{"start":{"line":4,"column":27},"end":{"line":4,"column":75}},"line":4},"3":{"name":"(anonymous_3)","decl":{"start":{"line":9,"column":24},"end":{"line":9,"column":25}},"loc":{"start":{"line":9,"column":55},"end":{"line":17,"column":3}},"line":9},"4":{"name":"(anonymous_4)","decl":{"start":{"line":20,"column":17},"end":{"line":20,"column":18}},"loc":{"start":{"line":20,"column":50},"end":{"line":37,"column":3}},"line":20},"5":{"name":"(anonymous_5)","decl":{"start":{"line":23,"column":22},"end":{"line":23,"column":23}},"loc":{"start":{"line":23,"column":33},"end":{"line":34,"column":5}},"line":23},"6":{"name":"(anonymous_6)","decl":{"start":{"line":39,"column":31},"end":{"line":39,"column":32}},"loc":{"start":{"line":39,"column":45},"end":{"line":57,"column":3}},"line":39}},"branchMap":{"0":{"loc":{"start":{"line":24,"column":6},"end":{"line":33,"column":7}},"type":"if","locations":[{"start":{"line":24,"column":6},"end":{"line":33,"column":7}},{"start":{"line":24,"column":6},"end":{"line":33,"column":7}}],"line":24},"1":{"loc":{"start":{"line":24,"column":10},"end":{"line":24,"column":41}},"type":"binary-expr","locations":[{"start":{"line":24,"column":10},"end":{"line":24,"column":23}},{"start":{"line":24,"column":27},"end":{"line":24,"column":41}}],"line":24},"2":{"loc":{"start":{"line":26,"column":8},"end":{"line":30,"column":9}},"type":"if","locations":[{"start":{"line":26,"column":8},"end":{"line":30,"column":9}},{"start":{"line":26,"column":8},"end":{"line":30,"column":9}}],"line":26},"3":{"loc":{"start":{"line":26,"column":12},"end":{"line":26,"column":43}},"type":"binary-expr","locations":[{"start":{"line":26,"column":12},"end":{"line":26,"column":25}},{"start":{"line":26,"column":29},"end":{"line":26,"column":43}}],"line":26},"4":{"loc":{"start":{"line":45,"column":6},"end":{"line":49,"column":7}},"type":"if","locations":[{"start":{"line":45,"column":6},"end":{"line":49,"column":7}},{"start":{"line":45,"column":6},"end":{"line":49,"column":7}}],"line":45},"5":{"loc":{"start":{"line":45,"column":10},"end":{"line":47,"column":33}},"type":"binary-expr","locations":[{"start":{"line":45,"column":10},"end":{"line":45,"column":59}},{"start":{"line":46,"column":9},"end":{"line":46,"column":32}},{"start":{"line":47,"column":10},"end":{"line":47,"column":33}}],"line":45}},"s":{"0":1,"1":1,"2":3,"3":7,"4":3,"5":1,"6":3,"7":3,"8":3,"9":83,"10":3,"11":1,"12":3,"13":3,"14":83,"15":60,"16":60,"17":50,"18":10,"19":23,"20":3,"21":1,"22":3,"23":3,"24":3,"25":3,"26":3,"27":83,"28":7,"29":3,"30":3,"31":83,"32":3,"33":1,"34":1},"f":{"0":1,"1":3,"2":7,"3":3,"4":3,"5":83,"6":3},"b":{"0":[60,23],"1":[83,62],"2":[50,10],"3":[60,60],"4":[7,76],"5":[83,30,11]},"_coverageSchema":"1a1c01bbd47fc00a2c39e90264f33305004495a9","hash":"3f0a2495bfbe5002fe2b45b9d4a2de42fa419134"}
,"/home/odong/Projects/microverse/Javascript/testing/testing-practice/calculator.js": {"path":"/home/odong/Projects/microverse/Javascript/testing/testing-practice/calculator.js","statementMap":{"0":{"start":{"line":1,"column":19},"end":{"line":13,"column":1}},"1":{"start":{"line":2,"column":19},"end":{"line":2,"column":34}},"2":{"start":{"line":2,"column":29},"end":{"line":2,"column":34}},"3":{"start":{"line":4,"column":22},"end":{"line":4,"column":37}},"4":{"start":{"line":4,"column":32},"end":{"line":4,"column":37}},"5":{"start":{"line":6,"column":25},"end":{"line":6,"column":40}},"6":{"start":{"line":6,"column":35},"end":{"line":6,"column":40}},"7":{"start":{"line":8,"column":19},"end":{"line":8,"column":34}},"8":{"start":{"line":8,"column":29},"end":{"line":8,"column":34}},"9":{"start":{"line":10,"column":2},"end":{"line":12,"column":4}},"10":{"start":{"line":15,"column":0},"end":{"line":15,"column":17}},"11":{"start":{"line":17,"column":0},"end":{"line":17,"column":28}}},"fnMap":{"0":{"name":"(anonymous_0)","decl":{"start":{"line":1,"column":19},"end":{"line":1,"column":20}},"loc":{"start":{"line":1,"column":25},"end":{"line":13,"column":1}},"line":1},"1":{"name":"(anonymous_1)","decl":{"start":{"line":2,"column":19},"end":{"line":2,"column":20}},"loc":{"start":{"line":2,"column":29},"end":{"line":2,"column":34}},"line":2},"2":{"name":"(anonymous_2)","decl":{"start":{"line":4,"column":22},"end":{"line":4,"column":23}},"loc":{"start":{"line":4,"column":32},"end":{"line":4,"column":37}},"line":4},"3":{"name":"(anonymous_3)","decl":{"start":{"line":6,"column":25},"end":{"line":6,"column":26}},"loc":{"start":{"line":6,"column":35},"end":{"line":6,"column":40}},"line":6},"4":{"name":"(anonymous_4)","decl":{"start":{"line":8,"column":19},"end":{"line":8,"column":20}},"loc":{"start":{"line":8,"column":29},"end":{"line":8,"column":34}},"line":8}},"branchMap":{},"s":{"0":1,"1":2,"2":2,"3":2,"4":2,"5":2,"6":2,"7":2,"8":2,"9":2,"10":1,"11":1},"f":{"0":2,"1":2,"2":2,"3":2,"4":2},"b":{},"_coverageSchema":"1a1c01bbd47fc00a2c39e90264f33305004495a9","hash":"e1673dc1453b9a62496f316a2b50595cb7fe5b76"}
,"/home/odong/Projects/microverse/Javascript/testing/testing-practice/capitalize.js": {"path":"/home/odong/Projects/microverse/Javascript/testing/testing-practice/capitalize.js","statementMap":{"0":{"start":{"line":1,"column":19},"end":{"line":1,"column":66}},"1":{"start":{"line":1,"column":27},"end":{"line":1,"column":65}},"2":{"start":{"line":3,"column":0},"end":{"line":3,"column":19}},"3":{"start":{"line":5,"column":0},"end":{"line":5,"column":28}}},"fnMap":{"0":{"name":"(anonymous_0)","decl":{"start":{"line":1,"column":19},"end":{"line":1,"column":20}},"loc":{"start":{"line":1,"column":27},"end":{"line":1,"column":65}},"line":1}},"branchMap":{},"s":{"0":1,"1":3,"2":1,"3":1},"f":{"0":3},"b":{},"_coverageSchema":"1a1c01bbd47fc00a2c39e90264f33305004495a9","hash":"9bb69f91f85f81372d8de7edaa3c8a8178db455b"}
,"/home/odong/Projects/microverse/Javascript/testing/testing-practice/reverse_string.js": {"path":"/home/odong/Projects/microverse/Javascript/testing/testing-practice/reverse_string.js","statementMap":{"0":{"start":{"line":1,"column":22},"end":{"line":1,"column":61}},"1":{"start":{"line":1,"column":30},"end":{"line":1,"column":60}},"2":{"start":{"line":3,"column":0},"end":{"line":3,"column":22}},"3":{"start":{"line":5,"column":0},"end":{"line":5,"column":31}}},"fnMap":{"0":{"name":"(anonymous_0)","decl":{"start":{"line":1,"column":22},"end":{"line":1,"column":23}},"loc":{"start":{"line":1,"column":30},"end":{"line":1,"column":60}},"line":1}},"branchMap":{},"s":{"0":1,"1":2,"2":1,"3":1},"f":{"0":2},"b":{},"_coverageSchema":"1a1c01bbd47fc00a2c39e90264f33305004495a9","hash":"07578645cc72a482ccf7134ea57bf1c800f5b1b7"}
}
