TN:
SF:arrayAnalysis.js
FN:1,(anonymous_0)
FN:2,(anonymous_1)
FNF:2
FNH:2
FNDA:2,(anonymous_0)
FNDA:12,(anonymous_1)
DA:1,1
DA:2,12
DA:3,2
DA:4,2
DA:6,2
DA:7,2
DA:9,2
DA:15,1
LF:8
LH:8
BRF:0
BRH:0
end_of_record
TN:
SF:caesarCipher.js
FN:1,(anonymous_0)
FN:3,(anonymous_1)
FN:4,(anonymous_2)
FN:9,(anonymous_3)
FN:20,(anonymous_4)
FN:23,(anonymous_5)
FN:39,(anonymous_6)
FNF:7
FNH:7
FNDA:1,(anonymous_0)
FNDA:3,(anonymous_1)
FNDA:7,(anonymous_2)
FNDA:3,(anonymous_3)
FNDA:3,(anonymous_4)
FNDA:83,(anonymous_5)
FNDA:3,(anonymous_6)
DA:1,1
DA:3,1
DA:4,7
DA:6,3
DA:9,1
DA:10,3
DA:12,3
DA:13,83
DA:16,3
DA:20,1
DA:21,3
DA:23,3
DA:24,83
DA:25,60
DA:26,60
DA:27,50
DA:29,10
DA:32,23
DA:36,3
DA:39,1
DA:40,3
DA:41,3
DA:43,3
DA:44,3
DA:45,83
DA:48,7
DA:52,3
DA:53,83
DA:56,3
DA:59,1
DA:62,1
LF:31
LH:31
BRDA:24,0,0,60
BRDA:24,0,1,23
BRDA:24,1,0,83
BRDA:24,1,1,62
BRDA:26,2,0,50
BRDA:26,2,1,10
BRDA:26,3,0,60
BRDA:26,3,1,60
BRDA:45,4,0,7
BRDA:45,4,1,76
BRDA:45,5,0,83
BRDA:45,5,1,30
BRDA:45,5,2,11
BRF:13
BRH:13
end_of_record
TN:
SF:calculator.js
FN:1,(anonymous_0)
FN:2,(anonymous_1)
FN:4,(anonymous_2)
FN:6,(anonymous_3)
FN:8,(anonymous_4)
FNF:5
FNH:5
FNDA:2,(anonymous_0)
FNDA:2,(anonymous_1)
FNDA:2,(anonymous_2)
FNDA:2,(anonymous_3)
FNDA:2,(anonymous_4)
DA:1,1
DA:2,2
DA:4,2
DA:6,2
DA:8,2
DA:10,2
DA:15,1
DA:17,1
LF:8
LH:8
BRF:0
BRH:0
end_of_record
TN:
SF:capitalize.js
FN:1,(anonymous_0)
FNF:1
FNH:1
FNDA:3,(anonymous_0)
DA:1,3
DA:3,1
DA:5,1
LF:3
LH:3
BRF:0
BRH:0
end_of_record
TN:
SF:reverse_string.js
FN:1,(anonymous_0)
FNF:1
FNH:1
FNDA:2,(anonymous_0)
DA:1,2
DA:3,1
DA:5,1
LF:3
LH:3
BRF:0
BRH:0
end_of_record
