TN:
SF:arrayAnalysis.js
FN:1,(anonymous_0)
FN:2,(anonymous_1)
FNF:2
FNH:2
FNDA:2,(anonymous_0)
FNDA:12,(anonymous_1)
DA:1,1
DA:2,12
DA:3,2
DA:4,2
DA:6,2
DA:7,2
DA:9,2
DA:15,1
LF:8
LH:8
BRF:0
BRH:0
end_of_record
TN:
SF:caesarCipher.js
FN:1,(anonymous_0)
FN:2,(anonymous_1)
FN:3,(anonymous_2)
FN:8,(anonymous_3)
FN:19,(anonymous_4)
FN:22,(anonymous_5)
FN:38,(anonymous_6)
FNF:7
FNH:7
FNDA:1,(anonymous_0)
FNDA:5,(anonymous_1)
FNDA:11,(anonymous_2)
FNDA:5,(anonymous_3)
FNDA:5,(anonymous_4)
FNDA:144,(anonymous_5)
FNDA:5,(anonymous_6)
DA:1,1
DA:2,1
DA:3,11
DA:5,5
DA:8,1
DA:9,5
DA:11,5
DA:12,144
DA:15,5
DA:19,1
DA:20,5
DA:22,5
DA:23,144
DA:24,111
DA:25,111
DA:26,90
DA:28,21
DA:31,33
DA:35,5
DA:38,1
DA:39,5
DA:40,5
DA:42,5
DA:43,5
DA:44,144
DA:47,11
DA:51,5
DA:52,144
DA:55,5
DA:58,1
DA:61,1
LF:31
LH:31
BRDA:23,0,0,111
BRDA:23,0,1,33
BRDA:23,1,0,144
BRDA:23,1,1,113
BRDA:25,2,0,90
BRDA:25,2,1,21
BRDA:25,3,0,111
BRDA:25,3,1,111
BRDA:44,4,0,11
BRDA:44,4,1,133
BRDA:44,5,0,144
BRDA:44,5,1,44
BRDA:44,5,2,15
BRF:13
BRH:13
end_of_record
TN:
SF:calculator.js
FN:1,(anonymous_0)
FN:2,(anonymous_1)
FN:4,(anonymous_2)
FN:6,(anonymous_3)
FN:8,(anonymous_4)
FNF:5
FNH:5
FNDA:2,(anonymous_0)
FNDA:2,(anonymous_1)
FNDA:2,(anonymous_2)
FNDA:2,(anonymous_3)
FNDA:2,(anonymous_4)
DA:1,1
DA:2,2
DA:4,2
DA:6,2
DA:8,2
DA:10,2
DA:15,1
DA:17,1
LF:8
LH:8
BRF:0
BRH:0
end_of_record
TN:
SF:capitalize.js
FN:1,(anonymous_0)
FNF:1
FNH:1
FNDA:3,(anonymous_0)
DA:1,3
DA:3,1
DA:5,1
LF:3
LH:3
BRF:0
BRH:0
end_of_record
TN:
SF:reverse_string.js
FN:1,(anonymous_0)
FNF:1
FNH:1
FNDA:2,(anonymous_0)
DA:1,2
DA:3,1
DA:5,1
LF:3
LH:3
BRF:0
BRH:0
end_of_record
